<?xml version="1.0" encoding="UTF-8"?>
<!-- Generated by org.testng.reporters.JUnitReportReporter -->
<testsuite hostname="DESKTOP-H9L4LLF" failures="0" tests="3" name="com.org.AppTest" time="0.171" errors="0" timestamp="2024-07-31T15:29:36 CEST" skipped="0">
  <testcase classname="com.org.AppTest" name="testCapitalizeString" time="0.007"/>
  <system-out/>
  <testcase classname="com.org.AppTest" name="testApp" time="0.000"/>
  <system-out/>
  <testcase classname="com.org.AppTest" name="testConvertToJson" time="0.164"/>
  <system-out/>
</testsuite> <!-- com.org.AppTest -->
